[0.025s] Invoking command in '/home/cameron/ws_mini_dog/build/mini_dog_model': CMAKE_PREFIX_PATH=${CMAKE_PREFIX_PATH}:/opt/ros/galactic /usr/bin/cmake --build /home/cameron/ws_mini_dog/build/mini_dog_model -- -j8 -l8
[0.095s] Invoked command in '/home/cameron/ws_mini_dog/build/mini_dog_model' returned '0': CMAKE_PREFIX_PATH=${CMAKE_PREFIX_PATH}:/opt/ros/galactic /usr/bin/cmake --build /home/cameron/ws_mini_dog/build/mini_dog_model -- -j8 -l8
[0.150s] Invoking command in '/home/cameron/ws_mini_dog/build/mini_dog_model': CMAKE_PREFIX_PATH=${CMAKE_PREFIX_PATH}:/opt/ros/galactic /usr/bin/cmake --install /home/cameron/ws_mini_dog/build/mini_dog_model
[0.165s] -- Install configuration: ""
[0.165s] -- Up-to-date: /home/cameron/ws_mini_dog/install/mini_dog_model/share/mini_dog_model/config
[0.165s] -- Up-to-date: /home/cameron/ws_mini_dog/install/mini_dog_model/share/mini_dog_model/launch
[0.166s] -- Up-to-date: /home/cameron/ws_mini_dog/install/mini_dog_model/share/mini_dog_model/launch/mini_dog_model.launch.py
[0.166s] -- Up-to-date: /home/cameron/ws_mini_dog/install/mini_dog_model/share/mini_dog_model/maps
[0.166s] -- Up-to-date: /home/cameron/ws_mini_dog/install/mini_dog_model/share/mini_dog_model/meshes
[0.166s] -- Up-to-date: /home/cameron/ws_mini_dog/install/mini_dog_model/share/mini_dog_model/meshes/SM3_Frame_LeftTibia.dae
[0.166s] -- Up-to-date: /home/cameron/ws_mini_dog/install/mini_dog_model/share/mini_dog_model/meshes/SM3_Frame_LeftCoax.dae
[0.166s] -- Installing: /home/cameron/ws_mini_dog/install/mini_dog_model/share/mini_dog_model/meshes/LeftFemur.stl
[0.168s] -- Up-to-date: /home/cameron/ws_mini_dog/install/mini_dog_model/share/mini_dog_model/meshes/SM3_Frame_LeftFemur.dae
[0.168s] -- Installing: /home/cameron/ws_mini_dog/install/mini_dog_model/share/mini_dog_model/meshes/LeftCoax.stl
[0.170s] -- Installing: /home/cameron/ws_mini_dog/install/mini_dog_model/share/mini_dog_model/meshes/LeftTibia.stl
[0.172s] -- Up-to-date: /home/cameron/ws_mini_dog/install/mini_dog_model/share/mini_dog_model/models
[0.173s] -- Up-to-date: /home/cameron/ws_mini_dog/install/mini_dog_model/share/mini_dog_model/params
[0.173s] -- Up-to-date: /home/cameron/ws_mini_dog/install/mini_dog_model/share/mini_dog_model/rviz
[0.173s] -- Up-to-date: /home/cameron/ws_mini_dog/install/mini_dog_model/share/mini_dog_model/rviz/rviz_basic_settings.rviz
[0.173s] -- Up-to-date: /home/cameron/ws_mini_dog/install/mini_dog_model/share/mini_dog_model/src
[0.174s] -- Up-to-date: /home/cameron/ws_mini_dog/install/mini_dog_model/share/mini_dog_model/urdf
[0.174s] -- Installing: /home/cameron/ws_mini_dog/install/mini_dog_model/share/mini_dog_model/urdf/mini_dog_model.urdf
[0.174s] -- Up-to-date: /home/cameron/ws_mini_dog/install/mini_dog_model/share/mini_dog_model/worlds
[0.174s] -- Up-to-date: /home/cameron/ws_mini_dog/install/mini_dog_model/share/ament_index/resource_index/package_run_dependencies/mini_dog_model
[0.174s] -- Up-to-date: /home/cameron/ws_mini_dog/install/mini_dog_model/share/ament_index/resource_index/parent_prefix_path/mini_dog_model
[0.174s] -- Up-to-date: /home/cameron/ws_mini_dog/install/mini_dog_model/share/mini_dog_model/environment/ament_prefix_path.sh
[0.174s] -- Up-to-date: /home/cameron/ws_mini_dog/install/mini_dog_model/share/mini_dog_model/environment/ament_prefix_path.dsv
[0.175s] -- Up-to-date: /home/cameron/ws_mini_dog/install/mini_dog_model/share/mini_dog_model/environment/path.sh
[0.175s] -- Up-to-date: /home/cameron/ws_mini_dog/install/mini_dog_model/share/mini_dog_model/environment/path.dsv
[0.175s] -- Up-to-date: /home/cameron/ws_mini_dog/install/mini_dog_model/share/mini_dog_model/local_setup.bash
[0.175s] -- Up-to-date: /home/cameron/ws_mini_dog/install/mini_dog_model/share/mini_dog_model/local_setup.sh
[0.175s] -- Up-to-date: /home/cameron/ws_mini_dog/install/mini_dog_model/share/mini_dog_model/local_setup.zsh
[0.175s] -- Up-to-date: /home/cameron/ws_mini_dog/install/mini_dog_model/share/mini_dog_model/local_setup.dsv
[0.175s] -- Installing: /home/cameron/ws_mini_dog/install/mini_dog_model/share/mini_dog_model/package.dsv
[0.175s] -- Up-to-date: /home/cameron/ws_mini_dog/install/mini_dog_model/share/ament_index/resource_index/packages/mini_dog_model
[0.175s] -- Up-to-date: /home/cameron/ws_mini_dog/install/mini_dog_model/share/mini_dog_model/cmake/mini_dog_modelConfig.cmake
[0.176s] -- Up-to-date: /home/cameron/ws_mini_dog/install/mini_dog_model/share/mini_dog_model/cmake/mini_dog_modelConfig-version.cmake
[0.176s] -- Up-to-date: /home/cameron/ws_mini_dog/install/mini_dog_model/share/mini_dog_model/package.xml
[0.254s] Invoked command in '/home/cameron/ws_mini_dog/build/mini_dog_model' returned '0': CMAKE_PREFIX_PATH=${CMAKE_PREFIX_PATH}:/opt/ros/galactic /usr/bin/cmake --install /home/cameron/ws_mini_dog/build/mini_dog_model
