[0.025s] Invoking command in '/home/cameron/ws_mini_dog/build/mini_dog_model': CMAKE_PREFIX_PATH=${CMAKE_PREFIX_PATH}:/opt/ros/galactic /usr/bin/cmake /home/cameron/ws_mini_dog/src/mini_dog_model -DCMAKE_INSTALL_PREFIX=/home/cameron/ws_mini_dog/install/mini_dog_model
[0.877s] -- The C compiler identification is GNU 9.4.0
[1.268s] -- The CXX compiler identification is GNU 9.4.0
[1.383s] -- Check for working C compiler: /usr/bin/cc
[1.580s] -- Check for working C compiler: /usr/bin/cc -- works
[1.582s] -- Detecting C compiler ABI info
[1.719s] -- Detecting C compiler ABI info - done
[1.734s] -- Detecting C compile features
[1.734s] -- Detecting C compile features - done
[1.738s] -- Check for working CXX compiler: /usr/bin/c++
[1.883s] -- Check for working CXX compiler: /usr/bin/c++ -- works
[1.885s] -- Detecting CXX compiler ABI info
[2.030s] -- Detecting CXX compiler ABI info - done
[2.050s] -- Detecting CXX compile features
[2.050s] -- Detecting CXX compile features - done
[2.072s] -- Found ament_cmake: 1.1.5 (/opt/ros/galactic/share/ament_cmake/cmake)
[2.183s] -- Found PythonInterp: /usr/bin/python3 (found suitable version "3.8.10", minimum required is "3") 
[2.183s] -- Using PYTHON_EXECUTABLE: /usr/bin/python3
[2.488s] -- Found ament_lint_auto: 0.10.7 (/opt/ros/galactic/share/ament_lint_auto/cmake)
[2.745s] -- Added test 'copyright' to check source files copyright and LICENSE
[2.749s] -- Added test 'flake8' to check Python code syntax and style conventions
[2.750s] -- Added test 'lint_cmake' to check CMake code style
[2.752s] -- Added test 'pep257' to check Python code against some of the style conventions in PEP 257
[2.755s] -- Added test 'xmllint' to check XML markup files
[2.760s] -- Configuring done
[2.762s] -- Generating done
[2.763s] -- Build files have been written to: /home/cameron/ws_mini_dog/build/mini_dog_model
[2.769s] Invoked command in '/home/cameron/ws_mini_dog/build/mini_dog_model' returned '0': CMAKE_PREFIX_PATH=${CMAKE_PREFIX_PATH}:/opt/ros/galactic /usr/bin/cmake /home/cameron/ws_mini_dog/src/mini_dog_model -DCMAKE_INSTALL_PREFIX=/home/cameron/ws_mini_dog/install/mini_dog_model
[2.773s] Invoking command in '/home/cameron/ws_mini_dog/build/mini_dog_model': CMAKE_PREFIX_PATH=${CMAKE_PREFIX_PATH}:/opt/ros/galactic /usr/bin/cmake --build /home/cameron/ws_mini_dog/build/mini_dog_model -- -j8 -l8
[2.845s] Invoked command in '/home/cameron/ws_mini_dog/build/mini_dog_model' returned '0': CMAKE_PREFIX_PATH=${CMAKE_PREFIX_PATH}:/opt/ros/galactic /usr/bin/cmake --build /home/cameron/ws_mini_dog/build/mini_dog_model -- -j8 -l8
[2.904s] Invoking command in '/home/cameron/ws_mini_dog/build/mini_dog_model': CMAKE_PREFIX_PATH=${CMAKE_PREFIX_PATH}:/opt/ros/galactic /usr/bin/cmake --install /home/cameron/ws_mini_dog/build/mini_dog_model
[2.921s] -- Install configuration: ""
[2.922s] -- Installing: /home/cameron/ws_mini_dog/install/mini_dog_model/share/ament_index/resource_index/package_run_dependencies/mini_dog_model
[2.922s] -- Installing: /home/cameron/ws_mini_dog/install/mini_dog_model/share/ament_index/resource_index/parent_prefix_path/mini_dog_model
[2.922s] -- Installing: /home/cameron/ws_mini_dog/install/mini_dog_model/share/mini_dog_model/environment/ament_prefix_path.sh
[2.922s] -- Installing: /home/cameron/ws_mini_dog/install/mini_dog_model/share/mini_dog_model/environment/ament_prefix_path.dsv
[2.923s] -- Installing: /home/cameron/ws_mini_dog/install/mini_dog_model/share/mini_dog_model/environment/path.sh
[2.923s] -- Installing: /home/cameron/ws_mini_dog/install/mini_dog_model/share/mini_dog_model/environment/path.dsv
[2.923s] -- Installing: /home/cameron/ws_mini_dog/install/mini_dog_model/share/mini_dog_model/local_setup.bash
[2.923s] -- Installing: /home/cameron/ws_mini_dog/install/mini_dog_model/share/mini_dog_model/local_setup.sh
[2.924s] -- Installing: /home/cameron/ws_mini_dog/install/mini_dog_model/share/mini_dog_model/local_setup.zsh
[2.924s] -- Installing: /home/cameron/ws_mini_dog/install/mini_dog_model/share/mini_dog_model/local_setup.dsv
[2.924s] -- Installing: /home/cameron/ws_mini_dog/install/mini_dog_model/share/mini_dog_model/package.dsv
[2.924s] -- Installing: /home/cameron/ws_mini_dog/install/mini_dog_model/share/ament_index/resource_index/packages/mini_dog_model
[2.925s] -- Installing: /home/cameron/ws_mini_dog/install/mini_dog_model/share/mini_dog_model/cmake/mini_dog_modelConfig.cmake
[2.925s] -- Installing: /home/cameron/ws_mini_dog/install/mini_dog_model/share/mini_dog_model/cmake/mini_dog_modelConfig-version.cmake
[2.925s] -- Installing: /home/cameron/ws_mini_dog/install/mini_dog_model/share/mini_dog_model/package.xml
[2.928s] Invoked command in '/home/cameron/ws_mini_dog/build/mini_dog_model' returned '0': CMAKE_PREFIX_PATH=${CMAKE_PREFIX_PATH}:/opt/ros/galactic /usr/bin/cmake --install /home/cameron/ws_mini_dog/build/mini_dog_model
