[0.201s] DEBUG:colcon:Command line arguments: ['/usr/bin/colcon', 'build']
[0.202s] DEBUG:colcon:Parsed command line arguments: Namespace(allow_overriding=[], ament_cmake_args=None, base_paths=['.'], build_base='build', catkin_cmake_args=None, catkin_skip_building_tests=False, cmake_args=None, cmake_clean_cache=False, cmake_clean_first=False, cmake_force_configure=False, cmake_target=None, cmake_target_skip_unavailable=False, continue_on_error=False, event_handlers=None, executor='parallel', ignore_user_meta=False, install_base='install', log_base=None, log_level=None, main=<bound method BuildVerb.main of <colcon_core.verb.build.BuildVerb object at 0x7fed19f1e910>>, merge_install=False, metas=['./colcon.meta'], mixin=None, mixin_files=None, mixin_verb=('build',), packages_above=None, packages_above_and_dependencies=None, packages_above_depth=None, packages_end=None, packages_ignore=None, packages_ignore_regex=None, packages_select=None, packages_select_build_failed=False, packages_select_by_dep=None, packages_select_regex=None, packages_select_test_failures=False, packages_skip=None, packages_skip_build_finished=False, packages_skip_by_dep=None, packages_skip_regex=None, packages_skip_test_passed=False, packages_skip_up_to=None, packages_start=None, packages_up_to=None, packages_up_to_regex=None, parallel_workers=8, paths=None, symlink_install=False, test_result_base=None, verb_extension=<colcon_core.verb.build.BuildVerb object at 0x7fed19f1e910>, verb_name='build', verb_parser=<colcon_mixin.mixin.mixin_argument.MixinArgumentDecorator object at 0x7fed19f1eee0>)
[0.231s] Level 1:colcon.colcon_core.package_discovery:discover_packages(colcon_meta) check parameters
[0.231s] Level 1:colcon.colcon_core.package_discovery:discover_packages(recursive) check parameters
[0.231s] Level 1:colcon.colcon_core.package_discovery:discover_packages(ignore) check parameters
[0.231s] Level 1:colcon.colcon_core.package_discovery:discover_packages(path) check parameters
[0.231s] Level 1:colcon.colcon_core.package_discovery:discover_packages(colcon_meta) discover
[0.232s] Level 1:colcon.colcon_core.package_discovery:discover_packages(recursive) discover
[0.232s] INFO:colcon.colcon_core.package_discovery:Crawling recursively for packages in '/home/cameron/ws_mini_dog'
[0.232s] Level 1:colcon.colcon_core.package_identification:_identify(.) by extensions ['ignore', 'ignore_ament_install']
[0.232s] Level 1:colcon.colcon_core.package_identification:_identify(.) by extension 'ignore'
[0.232s] Level 1:colcon.colcon_core.package_identification:_identify(.) by extension 'ignore_ament_install'
[0.232s] Level 1:colcon.colcon_core.package_identification:_identify(.) by extensions ['colcon_pkg']
[0.232s] Level 1:colcon.colcon_core.package_identification:_identify(.) by extension 'colcon_pkg'
[0.232s] Level 1:colcon.colcon_core.package_identification:_identify(.) by extensions ['colcon_meta']
[0.232s] Level 1:colcon.colcon_core.package_identification:_identify(.) by extension 'colcon_meta'
[0.232s] Level 1:colcon.colcon_core.package_identification:_identify(.) by extensions ['ros']
[0.232s] Level 1:colcon.colcon_core.package_identification:_identify(.) by extension 'ros'
[0.308s] Level 1:colcon.colcon_core.package_identification:_identify(.) by extensions ['cmake', 'python']
[0.308s] Level 1:colcon.colcon_core.package_identification:_identify(.) by extension 'cmake'
[0.308s] Level 1:colcon.colcon_core.package_identification:_identify(.) by extension 'python'
[0.308s] Level 1:colcon.colcon_core.package_identification:_identify(.) by extensions ['python_setup_py']
[0.308s] Level 1:colcon.colcon_core.package_identification:_identify(.) by extension 'python_setup_py'
[0.308s] Level 1:colcon.colcon_core.package_identification:_identify(build) by extensions ['ignore', 'ignore_ament_install']
[0.308s] Level 1:colcon.colcon_core.package_identification:_identify(build) by extension 'ignore'
[0.309s] Level 1:colcon.colcon_core.package_identification:_identify(build) ignored
[0.309s] Level 1:colcon.colcon_core.package_identification:_identify(install) by extensions ['ignore', 'ignore_ament_install']
[0.309s] Level 1:colcon.colcon_core.package_identification:_identify(install) by extension 'ignore'
[0.309s] Level 1:colcon.colcon_core.package_identification:_identify(install) ignored
[0.309s] Level 1:colcon.colcon_core.package_identification:_identify(log) by extensions ['ignore', 'ignore_ament_install']
[0.309s] Level 1:colcon.colcon_core.package_identification:_identify(log) by extension 'ignore'
[0.309s] Level 1:colcon.colcon_core.package_identification:_identify(log) ignored
[0.310s] Level 1:colcon.colcon_core.package_identification:_identify(src) by extensions ['ignore', 'ignore_ament_install']
[0.310s] Level 1:colcon.colcon_core.package_identification:_identify(src) by extension 'ignore'
[0.310s] Level 1:colcon.colcon_core.package_identification:_identify(src) by extension 'ignore_ament_install'
[0.310s] Level 1:colcon.colcon_core.package_identification:_identify(src) by extensions ['colcon_pkg']
[0.310s] Level 1:colcon.colcon_core.package_identification:_identify(src) by extension 'colcon_pkg'
[0.310s] Level 1:colcon.colcon_core.package_identification:_identify(src) by extensions ['colcon_meta']
[0.310s] Level 1:colcon.colcon_core.package_identification:_identify(src) by extension 'colcon_meta'
[0.310s] Level 1:colcon.colcon_core.package_identification:_identify(src) by extensions ['ros']
[0.310s] Level 1:colcon.colcon_core.package_identification:_identify(src) by extension 'ros'
[0.310s] Level 1:colcon.colcon_core.package_identification:_identify(src) by extensions ['cmake', 'python']
[0.310s] Level 1:colcon.colcon_core.package_identification:_identify(src) by extension 'cmake'
[0.310s] Level 1:colcon.colcon_core.package_identification:_identify(src) by extension 'python'
[0.310s] Level 1:colcon.colcon_core.package_identification:_identify(src) by extensions ['python_setup_py']
[0.310s] Level 1:colcon.colcon_core.package_identification:_identify(src) by extension 'python_setup_py'
[0.311s] Level 1:colcon.colcon_core.package_identification:_identify(src/mini_dog_model) by extensions ['ignore', 'ignore_ament_install']
[0.311s] Level 1:colcon.colcon_core.package_identification:_identify(src/mini_dog_model) by extension 'ignore'
[0.311s] Level 1:colcon.colcon_core.package_identification:_identify(src/mini_dog_model) by extension 'ignore_ament_install'
[0.311s] Level 1:colcon.colcon_core.package_identification:_identify(src/mini_dog_model) by extensions ['colcon_pkg']
[0.311s] Level 1:colcon.colcon_core.package_identification:_identify(src/mini_dog_model) by extension 'colcon_pkg'
[0.311s] Level 1:colcon.colcon_core.package_identification:_identify(src/mini_dog_model) by extensions ['colcon_meta']
[0.311s] Level 1:colcon.colcon_core.package_identification:_identify(src/mini_dog_model) by extension 'colcon_meta'
[0.311s] Level 1:colcon.colcon_core.package_identification:_identify(src/mini_dog_model) by extensions ['ros']
[0.311s] Level 1:colcon.colcon_core.package_identification:_identify(src/mini_dog_model) by extension 'ros'
[0.314s] DEBUG:colcon.colcon_core.package_identification:Package 'src/mini_dog_model' with type 'ros.ament_cmake' and name 'mini_dog_model'
[0.314s] Level 1:colcon.colcon_core.package_discovery:discover_packages(recursive) using defaults
[0.314s] Level 1:colcon.colcon_core.package_discovery:discover_packages(ignore) discover
[0.314s] Level 1:colcon.colcon_core.package_discovery:discover_packages(ignore) using defaults
[0.314s] Level 1:colcon.colcon_core.package_discovery:discover_packages(path) discover
[0.314s] Level 1:colcon.colcon_core.package_discovery:discover_packages(path) using defaults
[0.337s] Level 1:colcon.colcon_core.package_discovery:discover_packages(prefix_path) check parameters
[0.337s] Level 1:colcon.colcon_core.package_discovery:discover_packages(prefix_path) discover
[0.343s] DEBUG:colcon.colcon_installed_package_information.package_discovery:Found 37 installed packages in /home/cameron/ws_moveit2/install
[0.344s] DEBUG:colcon.colcon_installed_package_information.package_discovery:Found 337 installed packages in /opt/ros/galactic
[0.348s] Level 1:colcon.colcon_core.package_discovery:discover_packages(prefix_path) using defaults
[0.471s] Level 5:colcon.colcon_core.verb:set package 'mini_dog_model' build argument 'cmake_args' from command line to 'None'
[0.471s] Level 5:colcon.colcon_core.verb:set package 'mini_dog_model' build argument 'cmake_target' from command line to 'None'
[0.471s] Level 5:colcon.colcon_core.verb:set package 'mini_dog_model' build argument 'cmake_target_skip_unavailable' from command line to 'False'
[0.471s] Level 5:colcon.colcon_core.verb:set package 'mini_dog_model' build argument 'cmake_clean_cache' from command line to 'False'
[0.471s] Level 5:colcon.colcon_core.verb:set package 'mini_dog_model' build argument 'cmake_clean_first' from command line to 'False'
[0.471s] Level 5:colcon.colcon_core.verb:set package 'mini_dog_model' build argument 'cmake_force_configure' from command line to 'False'
[0.471s] Level 5:colcon.colcon_core.verb:set package 'mini_dog_model' build argument 'ament_cmake_args' from command line to 'None'
[0.471s] Level 5:colcon.colcon_core.verb:set package 'mini_dog_model' build argument 'catkin_cmake_args' from command line to 'None'
[0.471s] Level 5:colcon.colcon_core.verb:set package 'mini_dog_model' build argument 'catkin_skip_building_tests' from command line to 'False'
[0.471s] DEBUG:colcon.colcon_core.verb:Building package 'mini_dog_model' with the following arguments: {'ament_cmake_args': None, 'build_base': '/home/cameron/ws_mini_dog/build/mini_dog_model', 'catkin_cmake_args': None, 'catkin_skip_building_tests': False, 'cmake_args': None, 'cmake_clean_cache': False, 'cmake_clean_first': False, 'cmake_force_configure': False, 'cmake_target': None, 'cmake_target_skip_unavailable': False, 'install_base': '/home/cameron/ws_mini_dog/install/mini_dog_model', 'merge_install': False, 'path': '/home/cameron/ws_mini_dog/src/mini_dog_model', 'symlink_install': False, 'test_result_base': None}
[0.471s] INFO:colcon.colcon_core.executor:Executing jobs using 'parallel' executor
[0.474s] DEBUG:colcon.colcon_parallel_executor.executor.parallel:run_until_complete
[0.474s] INFO:colcon.colcon_ros.task.ament_cmake.build:Building ROS package in '/home/cameron/ws_mini_dog/src/mini_dog_model' with build type 'ament_cmake'
[0.475s] INFO:colcon.colcon_cmake.task.cmake.build:Building CMake package in '/home/cameron/ws_mini_dog/src/mini_dog_model'
[0.479s] INFO:colcon.colcon_core.plugin_system:Skipping extension 'colcon_core.shell.bat': Not used on non-Windows systems
[0.479s] INFO:colcon.colcon_core.shell:Skip shell extension 'powershell' for command environment: Not usable outside of PowerShell
[0.479s] DEBUG:colcon.colcon_core.shell:Skip shell extension 'dsv' for command environment
[0.501s] DEBUG:colcon.colcon_core.event_handler.log_command:Invoking command in '/home/cameron/ws_mini_dog/build/mini_dog_model': CMAKE_PREFIX_PATH=${CMAKE_PREFIX_PATH}:/opt/ros/galactic /usr/bin/cmake --build /home/cameron/ws_mini_dog/build/mini_dog_model -- -j8 -l8
[1.626s] DEBUG:colcon.colcon_core.event_handler.log_command:Invoked command in '/home/cameron/ws_mini_dog/build/mini_dog_model' returned '0': CMAKE_PREFIX_PATH=${CMAKE_PREFIX_PATH}:/opt/ros/galactic /usr/bin/cmake --build /home/cameron/ws_mini_dog/build/mini_dog_model -- -j8 -l8
[1.687s] DEBUG:colcon.colcon_core.event_handler.log_command:Invoking command in '/home/cameron/ws_mini_dog/build/mini_dog_model': CMAKE_PREFIX_PATH=${CMAKE_PREFIX_PATH}:/opt/ros/galactic /usr/bin/cmake --install /home/cameron/ws_mini_dog/build/mini_dog_model
[1.824s] Level 1:colcon.colcon_core.environment:create_environment_scripts_only(mini_dog_model)
[1.825s] DEBUG:colcon.colcon_core.event_handler.log_command:Invoked command in '/home/cameron/ws_mini_dog/build/mini_dog_model' returned '0': CMAKE_PREFIX_PATH=${CMAKE_PREFIX_PATH}:/opt/ros/galactic /usr/bin/cmake --install /home/cameron/ws_mini_dog/build/mini_dog_model
[1.833s] Level 1:colcon.colcon_core.environment:checking '/home/cameron/ws_mini_dog/install/mini_dog_model' for CMake module files
[1.834s] Level 1:colcon.colcon_core.environment:checking '/home/cameron/ws_mini_dog/install/mini_dog_model' for CMake config files
[1.835s] Level 1:colcon.colcon_core.shell:create_environment_hook('mini_dog_model', 'cmake_prefix_path')
[1.835s] INFO:colcon.colcon_core.shell:Creating environment hook '/home/cameron/ws_mini_dog/install/mini_dog_model/share/mini_dog_model/hook/cmake_prefix_path.ps1'
[1.836s] INFO:colcon.colcon_core.shell:Creating environment descriptor '/home/cameron/ws_mini_dog/install/mini_dog_model/share/mini_dog_model/hook/cmake_prefix_path.dsv'
[1.837s] INFO:colcon.colcon_core.shell:Creating environment hook '/home/cameron/ws_mini_dog/install/mini_dog_model/share/mini_dog_model/hook/cmake_prefix_path.sh'
[1.838s] Level 1:colcon.colcon_core.environment:checking '/home/cameron/ws_mini_dog/install/mini_dog_model/lib'
[1.838s] Level 1:colcon.colcon_core.environment:checking '/home/cameron/ws_mini_dog/install/mini_dog_model/bin'
[1.839s] Level 1:colcon.colcon_core.environment:checking '/home/cameron/ws_mini_dog/install/mini_dog_model/lib/pkgconfig/mini_dog_model.pc'
[1.839s] Level 1:colcon.colcon_core.environment:checking '/home/cameron/ws_mini_dog/install/mini_dog_model/lib/python3.8/site-packages'
[1.839s] Level 1:colcon.colcon_core.shell:create_environment_hook('mini_dog_model', 'pythonpath')
[1.840s] INFO:colcon.colcon_core.shell:Creating environment hook '/home/cameron/ws_mini_dog/install/mini_dog_model/share/mini_dog_model/hook/pythonpath.ps1'
[1.840s] INFO:colcon.colcon_core.shell:Creating environment descriptor '/home/cameron/ws_mini_dog/install/mini_dog_model/share/mini_dog_model/hook/pythonpath.dsv'
[1.840s] INFO:colcon.colcon_core.shell:Creating environment hook '/home/cameron/ws_mini_dog/install/mini_dog_model/share/mini_dog_model/hook/pythonpath.sh'
[1.841s] Level 1:colcon.colcon_core.environment:checking '/home/cameron/ws_mini_dog/install/mini_dog_model/bin'
[1.842s] INFO:colcon.colcon_core.shell:Creating package script '/home/cameron/ws_mini_dog/install/mini_dog_model/share/mini_dog_model/package.ps1'
[1.843s] INFO:colcon.colcon_core.shell:Creating package descriptor '/home/cameron/ws_mini_dog/install/mini_dog_model/share/mini_dog_model/package.dsv'
[1.843s] INFO:colcon.colcon_core.shell:Creating package script '/home/cameron/ws_mini_dog/install/mini_dog_model/share/mini_dog_model/package.sh'
[1.844s] INFO:colcon.colcon_core.shell:Creating package script '/home/cameron/ws_mini_dog/install/mini_dog_model/share/mini_dog_model/package.bash'
[1.845s] INFO:colcon.colcon_core.shell:Creating package script '/home/cameron/ws_mini_dog/install/mini_dog_model/share/mini_dog_model/package.zsh'
[1.846s] Level 1:colcon.colcon_core.environment:create_file_with_runtime_dependencies(/home/cameron/ws_mini_dog/install/mini_dog_model/share/colcon-core/packages/mini_dog_model)
[1.885s] Level 1:colcon.colcon_core.environment:create_environment_scripts_only(mini_dog_model)
[1.886s] Level 1:colcon.colcon_core.environment:checking '/home/cameron/ws_mini_dog/install/mini_dog_model' for CMake module files
[1.887s] Level 1:colcon.colcon_core.environment:checking '/home/cameron/ws_mini_dog/install/mini_dog_model' for CMake config files
[1.888s] Level 1:colcon.colcon_core.shell:create_environment_hook('mini_dog_model', 'cmake_prefix_path')
[1.888s] INFO:colcon.colcon_core.shell:Creating environment hook '/home/cameron/ws_mini_dog/install/mini_dog_model/share/mini_dog_model/hook/cmake_prefix_path.ps1'
[1.889s] INFO:colcon.colcon_core.shell:Creating environment descriptor '/home/cameron/ws_mini_dog/install/mini_dog_model/share/mini_dog_model/hook/cmake_prefix_path.dsv'
[1.890s] INFO:colcon.colcon_core.shell:Creating environment hook '/home/cameron/ws_mini_dog/install/mini_dog_model/share/mini_dog_model/hook/cmake_prefix_path.sh'
[1.891s] Level 1:colcon.colcon_core.environment:checking '/home/cameron/ws_mini_dog/install/mini_dog_model/lib'
[1.891s] Level 1:colcon.colcon_core.environment:checking '/home/cameron/ws_mini_dog/install/mini_dog_model/bin'
[1.891s] Level 1:colcon.colcon_core.environment:checking '/home/cameron/ws_mini_dog/install/mini_dog_model/lib/pkgconfig/mini_dog_model.pc'
[1.891s] Level 1:colcon.colcon_core.environment:checking '/home/cameron/ws_mini_dog/install/mini_dog_model/lib/python3.8/site-packages'
[1.891s] Level 1:colcon.colcon_core.shell:create_environment_hook('mini_dog_model', 'pythonpath')
[1.892s] INFO:colcon.colcon_core.shell:Creating environment hook '/home/cameron/ws_mini_dog/install/mini_dog_model/share/mini_dog_model/hook/pythonpath.ps1'
[1.892s] INFO:colcon.colcon_core.shell:Creating environment descriptor '/home/cameron/ws_mini_dog/install/mini_dog_model/share/mini_dog_model/hook/pythonpath.dsv'
[1.893s] INFO:colcon.colcon_core.shell:Creating environment hook '/home/cameron/ws_mini_dog/install/mini_dog_model/share/mini_dog_model/hook/pythonpath.sh'
[1.894s] Level 1:colcon.colcon_core.environment:checking '/home/cameron/ws_mini_dog/install/mini_dog_model/bin'
[1.894s] INFO:colcon.colcon_core.shell:Creating package script '/home/cameron/ws_mini_dog/install/mini_dog_model/share/mini_dog_model/package.ps1'
[1.895s] INFO:colcon.colcon_core.shell:Creating package descriptor '/home/cameron/ws_mini_dog/install/mini_dog_model/share/mini_dog_model/package.dsv'
[1.896s] INFO:colcon.colcon_core.shell:Creating package script '/home/cameron/ws_mini_dog/install/mini_dog_model/share/mini_dog_model/package.sh'
[1.897s] INFO:colcon.colcon_core.shell:Creating package script '/home/cameron/ws_mini_dog/install/mini_dog_model/share/mini_dog_model/package.bash'
[1.897s] INFO:colcon.colcon_core.shell:Creating package script '/home/cameron/ws_mini_dog/install/mini_dog_model/share/mini_dog_model/package.zsh'
[1.898s] Level 1:colcon.colcon_core.environment:create_file_with_runtime_dependencies(/home/cameron/ws_mini_dog/install/mini_dog_model/share/colcon-core/packages/mini_dog_model)
[1.898s] DEBUG:colcon.colcon_parallel_executor.executor.parallel:closing loop
[1.899s] DEBUG:colcon.colcon_parallel_executor.executor.parallel:loop closed
[1.899s] DEBUG:colcon.colcon_parallel_executor.executor.parallel:run_until_complete finished with '0'
[1.899s] DEBUG:colcon.colcon_core.event_reactor:joining thread
[1.911s] INFO:colcon.colcon_core.plugin_system:Skipping extension 'colcon_notification.desktop_notification.terminal_notifier': Not used on non-Darwin systems
[1.911s] INFO:colcon.colcon_core.plugin_system:Skipping extension 'colcon_notification.desktop_notification.win32': Not used on non-Windows systems
[1.911s] INFO:colcon.colcon_notification.desktop_notification:Sending desktop notification using 'notify2'
[1.940s] DEBUG:colcon.colcon_core.event_reactor:joined thread
[1.941s] INFO:colcon.colcon_core.shell:Creating prefix script '/home/cameron/ws_mini_dog/install/local_setup.ps1'
[1.942s] INFO:colcon.colcon_core.shell:Creating prefix util module '/home/cameron/ws_mini_dog/install/_local_setup_util_ps1.py'
[1.943s] INFO:colcon.colcon_core.shell:Creating prefix chain script '/home/cameron/ws_mini_dog/install/setup.ps1'
[1.947s] INFO:colcon.colcon_core.shell:Creating prefix script '/home/cameron/ws_mini_dog/install/local_setup.sh'
[1.948s] INFO:colcon.colcon_core.shell:Creating prefix util module '/home/cameron/ws_mini_dog/install/_local_setup_util_sh.py'
[1.949s] INFO:colcon.colcon_core.shell:Creating prefix chain script '/home/cameron/ws_mini_dog/install/setup.sh'
[1.954s] INFO:colcon.colcon_core.shell:Creating prefix script '/home/cameron/ws_mini_dog/install/local_setup.bash'
[1.954s] INFO:colcon.colcon_core.shell:Creating prefix chain script '/home/cameron/ws_mini_dog/install/setup.bash'
[1.958s] INFO:colcon.colcon_core.shell:Creating prefix script '/home/cameron/ws_mini_dog/install/local_setup.zsh'
[1.959s] INFO:colcon.colcon_core.shell:Creating prefix chain script '/home/cameron/ws_mini_dog/install/setup.zsh'
