[0.205s] DEBUG:colcon:Command line arguments: ['/usr/bin/colcon', 'list', '-p', '--base-paths', '/home/cameron/ws_mini_dog']
[0.206s] DEBUG:colcon:Parsed command line arguments: Namespace(allow_overriding=[], base_paths=['/home/cameron/ws_mini_dog'], build_base='build', ignore_user_meta=False, log_base=None, log_level=None, main=<bound method ListVerb.main of <colcon_package_information.verb.list.ListVerb object at 0x7f4655b3a580>>, metas=['./colcon.meta'], mixin=None, mixin_files=None, mixin_verb=('list',), names_only=False, packages_above=None, packages_above_and_dependencies=None, packages_above_depth=None, packages_end=None, packages_ignore=None, packages_ignore_regex=None, packages_select=None, packages_select_build_failed=False, packages_select_by_dep=None, packages_select_regex=None, packages_select_test_failures=False, packages_skip=None, packages_skip_build_finished=False, packages_skip_by_dep=None, packages_skip_regex=None, packages_skip_test_passed=False, packages_skip_up_to=None, packages_start=None, packages_up_to=None, packages_up_to_regex=None, paths=None, paths_only=True, topological_graph=False, topological_graph_density=False, topological_graph_dot=False, topological_graph_dot_cluster=False, topological_graph_dot_include_skipped=False, topological_graph_legend=False, topological_order=False, verb_extension=<colcon_package_information.verb.list.ListVerb object at 0x7f4655b3a580>, verb_name='list', verb_parser=<colcon_mixin.mixin.mixin_argument.MixinArgumentDecorator object at 0x7f4655a61c40>)
[0.246s] Level 1:colcon.colcon_core.package_discovery:discover_packages(colcon_meta) check parameters
[0.246s] Level 1:colcon.colcon_core.package_discovery:discover_packages(recursive) check parameters
[0.246s] Level 1:colcon.colcon_core.package_discovery:discover_packages(ignore) check parameters
[0.246s] Level 1:colcon.colcon_core.package_discovery:discover_packages(path) check parameters
[0.246s] Level 1:colcon.colcon_core.package_discovery:discover_packages(recursive) discover
[0.246s] INFO:colcon.colcon_core.package_discovery:Crawling recursively for packages in '/home/cameron/ws_mini_dog'
[0.246s] Level 1:colcon.colcon_core.package_identification:_identify(/home/cameron/ws_mini_dog) by extensions ['ignore', 'ignore_ament_install']
[0.246s] Level 1:colcon.colcon_core.package_identification:_identify(/home/cameron/ws_mini_dog) by extension 'ignore'
[0.247s] Level 1:colcon.colcon_core.package_identification:_identify(/home/cameron/ws_mini_dog) by extension 'ignore_ament_install'
[0.247s] Level 1:colcon.colcon_core.package_identification:_identify(/home/cameron/ws_mini_dog) by extensions ['colcon_pkg']
[0.247s] Level 1:colcon.colcon_core.package_identification:_identify(/home/cameron/ws_mini_dog) by extension 'colcon_pkg'
[0.247s] Level 1:colcon.colcon_core.package_identification:_identify(/home/cameron/ws_mini_dog) by extensions ['colcon_meta']
[0.247s] Level 1:colcon.colcon_core.package_identification:_identify(/home/cameron/ws_mini_dog) by extension 'colcon_meta'
[0.247s] Level 1:colcon.colcon_core.package_identification:_identify(/home/cameron/ws_mini_dog) by extensions ['ros']
[0.247s] Level 1:colcon.colcon_core.package_identification:_identify(/home/cameron/ws_mini_dog) by extension 'ros'
[0.325s] Level 1:colcon.colcon_core.package_identification:_identify(/home/cameron/ws_mini_dog) by extensions ['cmake', 'python']
[0.325s] Level 1:colcon.colcon_core.package_identification:_identify(/home/cameron/ws_mini_dog) by extension 'cmake'
[0.325s] Level 1:colcon.colcon_core.package_identification:_identify(/home/cameron/ws_mini_dog) by extension 'python'
[0.325s] Level 1:colcon.colcon_core.package_identification:_identify(/home/cameron/ws_mini_dog) by extensions ['python_setup_py']
[0.325s] Level 1:colcon.colcon_core.package_identification:_identify(/home/cameron/ws_mini_dog) by extension 'python_setup_py'
[0.325s] Level 1:colcon.colcon_core.package_identification:_identify(/home/cameron/ws_mini_dog/build) by extensions ['ignore', 'ignore_ament_install']
[0.325s] Level 1:colcon.colcon_core.package_identification:_identify(/home/cameron/ws_mini_dog/build) by extension 'ignore'
[0.326s] Level 1:colcon.colcon_core.package_identification:_identify(/home/cameron/ws_mini_dog/build) ignored
[0.326s] Level 1:colcon.colcon_core.package_identification:_identify(/home/cameron/ws_mini_dog/install) by extensions ['ignore', 'ignore_ament_install']
[0.326s] Level 1:colcon.colcon_core.package_identification:_identify(/home/cameron/ws_mini_dog/install) by extension 'ignore'
[0.326s] Level 1:colcon.colcon_core.package_identification:_identify(/home/cameron/ws_mini_dog/install) ignored
[0.326s] Level 1:colcon.colcon_core.package_identification:_identify(/home/cameron/ws_mini_dog/log) by extensions ['ignore', 'ignore_ament_install']
[0.326s] Level 1:colcon.colcon_core.package_identification:_identify(/home/cameron/ws_mini_dog/log) by extension 'ignore'
[0.327s] Level 1:colcon.colcon_core.package_identification:_identify(/home/cameron/ws_mini_dog/log) ignored
[0.327s] Level 1:colcon.colcon_core.package_identification:_identify(/home/cameron/ws_mini_dog/src) by extensions ['ignore', 'ignore_ament_install']
[0.327s] Level 1:colcon.colcon_core.package_identification:_identify(/home/cameron/ws_mini_dog/src) by extension 'ignore'
[0.327s] Level 1:colcon.colcon_core.package_identification:_identify(/home/cameron/ws_mini_dog/src) by extension 'ignore_ament_install'
[0.327s] Level 1:colcon.colcon_core.package_identification:_identify(/home/cameron/ws_mini_dog/src) by extensions ['colcon_pkg']
[0.327s] Level 1:colcon.colcon_core.package_identification:_identify(/home/cameron/ws_mini_dog/src) by extension 'colcon_pkg'
[0.327s] Level 1:colcon.colcon_core.package_identification:_identify(/home/cameron/ws_mini_dog/src) by extensions ['colcon_meta']
[0.327s] Level 1:colcon.colcon_core.package_identification:_identify(/home/cameron/ws_mini_dog/src) by extension 'colcon_meta'
[0.327s] Level 1:colcon.colcon_core.package_identification:_identify(/home/cameron/ws_mini_dog/src) by extensions ['ros']
[0.327s] Level 1:colcon.colcon_core.package_identification:_identify(/home/cameron/ws_mini_dog/src) by extension 'ros'
[0.327s] Level 1:colcon.colcon_core.package_identification:_identify(/home/cameron/ws_mini_dog/src) by extensions ['cmake', 'python']
[0.328s] Level 1:colcon.colcon_core.package_identification:_identify(/home/cameron/ws_mini_dog/src) by extension 'cmake'
[0.328s] Level 1:colcon.colcon_core.package_identification:_identify(/home/cameron/ws_mini_dog/src) by extension 'python'
[0.328s] Level 1:colcon.colcon_core.package_identification:_identify(/home/cameron/ws_mini_dog/src) by extensions ['python_setup_py']
[0.328s] Level 1:colcon.colcon_core.package_identification:_identify(/home/cameron/ws_mini_dog/src) by extension 'python_setup_py'
[0.328s] Level 1:colcon.colcon_core.package_identification:_identify(/home/cameron/ws_mini_dog/src/mini_dog_model) by extensions ['ignore', 'ignore_ament_install']
[0.328s] Level 1:colcon.colcon_core.package_identification:_identify(/home/cameron/ws_mini_dog/src/mini_dog_model) by extension 'ignore'
[0.328s] Level 1:colcon.colcon_core.package_identification:_identify(/home/cameron/ws_mini_dog/src/mini_dog_model) by extension 'ignore_ament_install'
[0.328s] Level 1:colcon.colcon_core.package_identification:_identify(/home/cameron/ws_mini_dog/src/mini_dog_model) by extensions ['colcon_pkg']
[0.328s] Level 1:colcon.colcon_core.package_identification:_identify(/home/cameron/ws_mini_dog/src/mini_dog_model) by extension 'colcon_pkg'
[0.328s] Level 1:colcon.colcon_core.package_identification:_identify(/home/cameron/ws_mini_dog/src/mini_dog_model) by extensions ['colcon_meta']
[0.328s] Level 1:colcon.colcon_core.package_identification:_identify(/home/cameron/ws_mini_dog/src/mini_dog_model) by extension 'colcon_meta'
[0.329s] Level 1:colcon.colcon_core.package_identification:_identify(/home/cameron/ws_mini_dog/src/mini_dog_model) by extensions ['ros']
[0.329s] Level 1:colcon.colcon_core.package_identification:_identify(/home/cameron/ws_mini_dog/src/mini_dog_model) by extension 'ros'
[0.331s] DEBUG:colcon.colcon_core.package_identification:Package '/home/cameron/ws_mini_dog/src/mini_dog_model' with type 'ros.ament_cmake' and name 'mini_dog_model'
[0.332s] Level 1:colcon.colcon_core.package_discovery:discover_packages(recursive) using defaults
