[0.107s] Invoking command in '/home/cameron/ws_mini_dog/build/mini_dog_model': CMAKE_PREFIX_PATH=${CMAKE_PREFIX_PATH}:/opt/ros/galactic /usr/bin/cmake --build /home/cameron/ws_mini_dog/build/mini_dog_model -- -j8 -l8
[0.487s] Invoked command in '/home/cameron/ws_mini_dog/build/mini_dog_model' returned '0': CMAKE_PREFIX_PATH=${CMAKE_PREFIX_PATH}:/opt/ros/galactic /usr/bin/cmake --build /home/cameron/ws_mini_dog/build/mini_dog_model -- -j8 -l8
[0.551s] Invoking command in '/home/cameron/ws_mini_dog/build/mini_dog_model': CMAKE_PREFIX_PATH=${CMAKE_PREFIX_PATH}:/opt/ros/galactic /usr/bin/cmake --install /home/cameron/ws_mini_dog/build/mini_dog_model
[0.568s] -- Install configuration: ""
[0.568s] -- Up-to-date: /home/cameron/ws_mini_dog/install/mini_dog_model/share/mini_dog_model/config
[0.568s] -- Up-to-date: /home/cameron/ws_mini_dog/install/mini_dog_model/share/mini_dog_model/launch
[0.568s] -- Up-to-date: /home/cameron/ws_mini_dog/install/mini_dog_model/share/mini_dog_model/launch/mini_dog_model.launch.py
[0.568s] -- Up-to-date: /home/cameron/ws_mini_dog/install/mini_dog_model/share/mini_dog_model/maps
[0.568s] -- Up-to-date: /home/cameron/ws_mini_dog/install/mini_dog_model/share/mini_dog_model/meshes
[0.569s] -- Installing: /home/cameron/ws_mini_dog/install/mini_dog_model/share/mini_dog_model/meshes/NOVA_SM3_RIGHT_COAX.stl
[0.570s] -- Installing: /home/cameron/ws_mini_dog/install/mini_dog_model/share/mini_dog_model/meshes/Blender_Model.blend
[0.721s] -- Installing: /home/cameron/ws_mini_dog/install/mini_dog_model/share/mini_dog_model/meshes/NOVA_SM3_BODY.stl
[0.852s] -- Installing: /home/cameron/ws_mini_dog/install/mini_dog_model/share/mini_dog_model/meshes/NOVA_SM3_LEFT_COAX.stl
[0.854s] -- Installing: /home/cameron/ws_mini_dog/install/mini_dog_model/share/mini_dog_model/meshes/NOVA_SM3_RIGHT_TIBIAstl.stl
[0.857s] -- Installing: /home/cameron/ws_mini_dog/install/mini_dog_model/share/mini_dog_model/meshes/NOVA_SM3_LEFT_FEMUR.stl
[0.860s] -- Installing: /home/cameron/ws_mini_dog/install/mini_dog_model/share/mini_dog_model/meshes/NOVA_SM3_LEFT_TIBIA.stl
[0.863s] -- Installing: /home/cameron/ws_mini_dog/install/mini_dog_model/share/mini_dog_model/meshes/NOVA_SM3_RIGHT_FEMUR.stl
[0.867s] -- Up-to-date: /home/cameron/ws_mini_dog/install/mini_dog_model/share/mini_dog_model/models
[0.867s] -- Up-to-date: /home/cameron/ws_mini_dog/install/mini_dog_model/share/mini_dog_model/params
[0.867s] -- Up-to-date: /home/cameron/ws_mini_dog/install/mini_dog_model/share/mini_dog_model/rviz
[0.868s] -- Up-to-date: /home/cameron/ws_mini_dog/install/mini_dog_model/share/mini_dog_model/rviz/rviz_basic_settings.rviz
[0.868s] -- Up-to-date: /home/cameron/ws_mini_dog/install/mini_dog_model/share/mini_dog_model/src
[0.868s] -- Up-to-date: /home/cameron/ws_mini_dog/install/mini_dog_model/share/mini_dog_model/urdf
[0.869s] -- Installing: /home/cameron/ws_mini_dog/install/mini_dog_model/share/mini_dog_model/urdf/mini_dog_model.urdf
[0.869s] -- Up-to-date: /home/cameron/ws_mini_dog/install/mini_dog_model/share/mini_dog_model/worlds
[0.869s] -- Up-to-date: /home/cameron/ws_mini_dog/install/mini_dog_model/share/ament_index/resource_index/package_run_dependencies/mini_dog_model
[0.869s] -- Up-to-date: /home/cameron/ws_mini_dog/install/mini_dog_model/share/ament_index/resource_index/parent_prefix_path/mini_dog_model
[0.869s] -- Up-to-date: /home/cameron/ws_mini_dog/install/mini_dog_model/share/mini_dog_model/environment/ament_prefix_path.sh
[0.869s] -- Up-to-date: /home/cameron/ws_mini_dog/install/mini_dog_model/share/mini_dog_model/environment/ament_prefix_path.dsv
[0.869s] -- Up-to-date: /home/cameron/ws_mini_dog/install/mini_dog_model/share/mini_dog_model/environment/path.sh
[0.870s] -- Up-to-date: /home/cameron/ws_mini_dog/install/mini_dog_model/share/mini_dog_model/environment/path.dsv
[0.870s] -- Up-to-date: /home/cameron/ws_mini_dog/install/mini_dog_model/share/mini_dog_model/local_setup.bash
[0.870s] -- Up-to-date: /home/cameron/ws_mini_dog/install/mini_dog_model/share/mini_dog_model/local_setup.sh
[0.870s] -- Up-to-date: /home/cameron/ws_mini_dog/install/mini_dog_model/share/mini_dog_model/local_setup.zsh
[0.870s] -- Up-to-date: /home/cameron/ws_mini_dog/install/mini_dog_model/share/mini_dog_model/local_setup.dsv
[0.870s] -- Installing: /home/cameron/ws_mini_dog/install/mini_dog_model/share/mini_dog_model/package.dsv
[0.937s] -- Up-to-date: /home/cameron/ws_mini_dog/install/mini_dog_model/share/ament_index/resource_index/packages/mini_dog_model
[0.937s] -- Up-to-date: /home/cameron/ws_mini_dog/install/mini_dog_model/share/mini_dog_model/cmake/mini_dog_modelConfig.cmake
[0.937s] -- Up-to-date: /home/cameron/ws_mini_dog/install/mini_dog_model/share/mini_dog_model/cmake/mini_dog_modelConfig-version.cmake
[0.937s] -- Up-to-date: /home/cameron/ws_mini_dog/install/mini_dog_model/share/mini_dog_model/package.xml
[0.941s] Invoked command in '/home/cameron/ws_mini_dog/build/mini_dog_model' returned '0': CMAKE_PREFIX_PATH=${CMAKE_PREFIX_PATH}:/opt/ros/galactic /usr/bin/cmake --install /home/cameron/ws_mini_dog/build/mini_dog_model
