-- Install configuration: ""
-- Up-to-date: /home/cameron/ws_mini_dog/install/mini_dog_model/share/mini_dog_model/config
-- Up-to-date: /home/cameron/ws_mini_dog/install/mini_dog_model/share/mini_dog_model/launch
-- Up-to-date: /home/cameron/ws_mini_dog/install/mini_dog_model/share/mini_dog_model/launch/mini_dog_model.launch.py
-- Up-to-date: /home/cameron/ws_mini_dog/install/mini_dog_model/share/mini_dog_model/maps
-- Up-to-date: /home/cameron/ws_mini_dog/install/mini_dog_model/share/mini_dog_model/meshes
-- Up-to-date: /home/cameron/ws_mini_dog/install/mini_dog_model/share/mini_dog_model/meshes/SM3_Sensor_PIRCup.stl
-- Up-to-date: /home/cameron/ws_mini_dog/install/mini_dog_model/share/mini_dog_model/meshes/SM3_Frame_FrontShoulderOuter.stl
-- Up-to-date: /home/cameron/ws_mini_dog/install/mini_dog_model/share/mini_dog_model/meshes/SM3_Sensor_UltraSonicPlate.stl
-- Up-to-date: /home/cameron/ws_mini_dog/install/mini_dog_model/share/mini_dog_model/meshes/SM3_Foot.stl
-- Up-to-date: /home/cameron/ws_mini_dog/install/mini_dog_model/share/mini_dog_model/meshes/SM3_Stand_ConeBase.stl
-- Up-to-date: /home/cameron/ws_mini_dog/install/mini_dog_model/share/mini_dog_model/meshes/SM3_Cover_BottomHatch.stl
-- Up-to-date: /home/cameron/ws_mini_dog/install/mini_dog_model/share/mini_dog_model/meshes/SM3_Cover_TopRear.stl
-- Up-to-date: /home/cameron/ws_mini_dog/install/mini_dog_model/share/mini_dog_model/meshes/SM3_Frame_LeftFemur.stl
-- Up-to-date: /home/cameron/ws_mini_dog/install/mini_dog_model/share/mini_dog_model/meshes/SM3_Cover_RearPanelBtnHolder_6x6LongBtn.stl
-- Up-to-date: /home/cameron/ws_mini_dog/install/mini_dog_model/share/mini_dog_model/meshes/SM3_Frame_RightCoax.stl
-- Up-to-date: /home/cameron/ws_mini_dog/install/mini_dog_model/share/mini_dog_model/meshes/SM3_Frame_RearShoulderInner.stl
-- Up-to-date: /home/cameron/ws_mini_dog/install/mini_dog_model/share/mini_dog_model/meshes/SM3_Frame_RearShoulderMiddle.stl
-- Up-to-date: /home/cameron/ws_mini_dog/install/mini_dog_model/share/mini_dog_model/meshes/SM3_Cover_BottomFront.stl
-- Up-to-date: /home/cameron/ws_mini_dog/install/mini_dog_model/share/mini_dog_model/meshes/SM3_Sensor_FrontPIRMount.stl
-- Up-to-date: /home/cameron/ws_mini_dog/install/mini_dog_model/share/mini_dog_model/meshes/SM3_Frame_LeftCoax.stl
-- Up-to-date: /home/cameron/ws_mini_dog/install/mini_dog_model/share/mini_dog_model/meshes/SM3_Cover_RearPanel_2Piece_Base.stl
-- Up-to-date: /home/cameron/ws_mini_dog/install/mini_dog_model/share/mini_dog_model/meshes/SM3_Stand_Cone.stl
-- Up-to-date: /home/cameron/ws_mini_dog/install/mini_dog_model/share/mini_dog_model/meshes/SM3_Frame_FrontShoulderMiddle.stl
-- Up-to-date: /home/cameron/ws_mini_dog/install/mini_dog_model/share/mini_dog_model/meshes/SM3_CalibrationTool.stl
-- Up-to-date: /home/cameron/ws_mini_dog/install/mini_dog_model/share/mini_dog_model/meshes/SM3_Frame_RearShoulderOuter.stl
-- Up-to-date: /home/cameron/ws_mini_dog/install/mini_dog_model/share/mini_dog_model/meshes/SM3_Sensor_RearPIRMount.stl
-- Up-to-date: /home/cameron/ws_mini_dog/install/mini_dog_model/share/mini_dog_model/meshes/SM3_Frame_ChassisTrunk.stl
-- Up-to-date: /home/cameron/ws_mini_dog/install/mini_dog_model/share/mini_dog_model/meshes/SM3_Cover_TopFront.stl
-- Up-to-date: /home/cameron/ws_mini_dog/install/mini_dog_model/share/mini_dog_model/meshes/SM3_Frame_FrontShoulderInner.stl
-- Up-to-date: /home/cameron/ws_mini_dog/install/mini_dog_model/share/mini_dog_model/meshes/SM3_Frame_RightTibia.stl
-- Up-to-date: /home/cameron/ws_mini_dog/install/mini_dog_model/share/mini_dog_model/meshes/SM3_Mp3ProSpeakerMount.stl
-- Up-to-date: /home/cameron/ws_mini_dog/install/mini_dog_model/share/mini_dog_model/meshes/SM3_Frame_LeftTibia.stl
-- Up-to-date: /home/cameron/ws_mini_dog/install/mini_dog_model/share/mini_dog_model/meshes/SM3_Cover_HeadPanel.stl
-- Up-to-date: /home/cameron/ws_mini_dog/install/mini_dog_model/share/mini_dog_model/meshes/SM3_Sensor_MP3SpeakerMount.stl
-- Up-to-date: /home/cameron/ws_mini_dog/install/mini_dog_model/share/mini_dog_model/meshes/SM3_Cover_LeftFemur.stl
-- Up-to-date: /home/cameron/ws_mini_dog/install/mini_dog_model/share/mini_dog_model/meshes/SM3_Cover_RightFemur.stl
-- Up-to-date: /home/cameron/ws_mini_dog/install/mini_dog_model/share/mini_dog_model/meshes/SM3_Frame_RightFemur.stl
-- Up-to-date: /home/cameron/ws_mini_dog/install/mini_dog_model/share/mini_dog_model/meshes/SM3_Stand_ConeCap.stl
-- Up-to-date: /home/cameron/ws_mini_dog/install/mini_dog_model/share/mini_dog_model/meshes/SM3_Cover_HeadPanelSlug.stl
-- Up-to-date: /home/cameron/ws_mini_dog/install/mini_dog_model/share/mini_dog_model/meshes/SM3_Cover_BottomRear.stl
-- Up-to-date: /home/cameron/ws_mini_dog/install/mini_dog_model/share/mini_dog_model/meshes/SM3_Cover_Emblem.stl
-- Up-to-date: /home/cameron/ws_mini_dog/install/mini_dog_model/share/mini_dog_model/meshes/SM3_Cover_RearPanel_2Piece_Shell.stl
-- Up-to-date: /home/cameron/ws_mini_dog/install/mini_dog_model/share/mini_dog_model/meshes/SM3_Electronics_BuckConveterCase.stl
-- Up-to-date: /home/cameron/ws_mini_dog/install/mini_dog_model/share/mini_dog_model/models
-- Up-to-date: /home/cameron/ws_mini_dog/install/mini_dog_model/share/mini_dog_model/models/SM3_Sensor_PIRCup.stl
-- Up-to-date: /home/cameron/ws_mini_dog/install/mini_dog_model/share/mini_dog_model/models/SM3_Frame_FrontShoulderOuter.stl
-- Up-to-date: /home/cameron/ws_mini_dog/install/mini_dog_model/share/mini_dog_model/models/SM3_Sensor_UltraSonicPlate.stl
-- Up-to-date: /home/cameron/ws_mini_dog/install/mini_dog_model/share/mini_dog_model/models/SM3_Foot.stl
-- Up-to-date: /home/cameron/ws_mini_dog/install/mini_dog_model/share/mini_dog_model/models/SM3_Stand_ConeBase.stl
-- Up-to-date: /home/cameron/ws_mini_dog/install/mini_dog_model/share/mini_dog_model/models/SM3_Cover_BottomHatch.stl
-- Up-to-date: /home/cameron/ws_mini_dog/install/mini_dog_model/share/mini_dog_model/models/SM3_Cover_TopRear.stl
-- Up-to-date: /home/cameron/ws_mini_dog/install/mini_dog_model/share/mini_dog_model/models/SM3_Frame_LeftFemur.stl
-- Up-to-date: /home/cameron/ws_mini_dog/install/mini_dog_model/share/mini_dog_model/models/SM3_Cover_RearPanelBtnHolder_6x6LongBtn.stl
-- Up-to-date: /home/cameron/ws_mini_dog/install/mini_dog_model/share/mini_dog_model/models/SM3_Frame_RightCoax.stl
-- Up-to-date: /home/cameron/ws_mini_dog/install/mini_dog_model/share/mini_dog_model/models/SM3_Frame_RearShoulderInner.stl
-- Up-to-date: /home/cameron/ws_mini_dog/install/mini_dog_model/share/mini_dog_model/models/SM3_Frame_RearShoulderMiddle.stl
-- Up-to-date: /home/cameron/ws_mini_dog/install/mini_dog_model/share/mini_dog_model/models/SM3_Cover_BottomFront.stl
-- Up-to-date: /home/cameron/ws_mini_dog/install/mini_dog_model/share/mini_dog_model/models/SM3_Sensor_FrontPIRMount.stl
-- Up-to-date: /home/cameron/ws_mini_dog/install/mini_dog_model/share/mini_dog_model/models/SM3_Frame_LeftCoax.stl
-- Up-to-date: /home/cameron/ws_mini_dog/install/mini_dog_model/share/mini_dog_model/models/SM3_Cover_RearPanel_2Piece_Base.stl
-- Up-to-date: /home/cameron/ws_mini_dog/install/mini_dog_model/share/mini_dog_model/models/SM3_Stand_Cone.stl
-- Up-to-date: /home/cameron/ws_mini_dog/install/mini_dog_model/share/mini_dog_model/models/SM3_Frame_FrontShoulderMiddle.stl
-- Up-to-date: /home/cameron/ws_mini_dog/install/mini_dog_model/share/mini_dog_model/models/SM3_CalibrationTool.stl
-- Up-to-date: /home/cameron/ws_mini_dog/install/mini_dog_model/share/mini_dog_model/models/SM3_Frame_RearShoulderOuter.stl
-- Up-to-date: /home/cameron/ws_mini_dog/install/mini_dog_model/share/mini_dog_model/models/SM3_Sensor_RearPIRMount.stl
-- Up-to-date: /home/cameron/ws_mini_dog/install/mini_dog_model/share/mini_dog_model/models/SM3_Frame_ChassisTrunk.stl
-- Up-to-date: /home/cameron/ws_mini_dog/install/mini_dog_model/share/mini_dog_model/models/SM3_Cover_TopFront.stl
-- Up-to-date: /home/cameron/ws_mini_dog/install/mini_dog_model/share/mini_dog_model/models/SM3_Frame_FrontShoulderInner.stl
-- Up-to-date: /home/cameron/ws_mini_dog/install/mini_dog_model/share/mini_dog_model/models/SM3_Frame_RightTibia.stl
-- Up-to-date: /home/cameron/ws_mini_dog/install/mini_dog_model/share/mini_dog_model/models/SM3_Mp3ProSpeakerMount.stl
-- Up-to-date: /home/cameron/ws_mini_dog/install/mini_dog_model/share/mini_dog_model/models/SM3_Frame_LeftTibia.stl
-- Up-to-date: /home/cameron/ws_mini_dog/install/mini_dog_model/share/mini_dog_model/models/SM3_Cover_HeadPanel.stl
-- Up-to-date: /home/cameron/ws_mini_dog/install/mini_dog_model/share/mini_dog_model/models/SM3_Sensor_MP3SpeakerMount.stl
-- Up-to-date: /home/cameron/ws_mini_dog/install/mini_dog_model/share/mini_dog_model/models/SM3_Cover_LeftFemur.stl
-- Up-to-date: /home/cameron/ws_mini_dog/install/mini_dog_model/share/mini_dog_model/models/SM3_Cover_RightFemur.stl
-- Up-to-date: /home/cameron/ws_mini_dog/install/mini_dog_model/share/mini_dog_model/models/SM3_Frame_RightFemur.stl
-- Up-to-date: /home/cameron/ws_mini_dog/install/mini_dog_model/share/mini_dog_model/models/SM3_Stand_ConeCap.stl
-- Up-to-date: /home/cameron/ws_mini_dog/install/mini_dog_model/share/mini_dog_model/models/SM3_Cover_HeadPanelSlug.stl
-- Up-to-date: /home/cameron/ws_mini_dog/install/mini_dog_model/share/mini_dog_model/models/SM3_Cover_BottomRear.stl
-- Up-to-date: /home/cameron/ws_mini_dog/install/mini_dog_model/share/mini_dog_model/models/SM3_Cover_Emblem.stl
-- Up-to-date: /home/cameron/ws_mini_dog/install/mini_dog_model/share/mini_dog_model/models/SM3_Cover_RearPanel_2Piece_Shell.stl
-- Up-to-date: /home/cameron/ws_mini_dog/install/mini_dog_model/share/mini_dog_model/models/SM3_Electronics_BuckConveterCase.stl
-- Up-to-date: /home/cameron/ws_mini_dog/install/mini_dog_model/share/mini_dog_model/params
-- Up-to-date: /home/cameron/ws_mini_dog/install/mini_dog_model/share/mini_dog_model/rviz
-- Installing: /home/cameron/ws_mini_dog/install/mini_dog_model/share/mini_dog_model/rviz/rviz_basic_settings.rviz
-- Up-to-date: /home/cameron/ws_mini_dog/install/mini_dog_model/share/mini_dog_model/src
-- Up-to-date: /home/cameron/ws_mini_dog/install/mini_dog_model/share/mini_dog_model/urdf
-- Up-to-date: /home/cameron/ws_mini_dog/install/mini_dog_model/share/mini_dog_model/urdf/mini_dog_model.urdf
-- Up-to-date: /home/cameron/ws_mini_dog/install/mini_dog_model/share/mini_dog_model/worlds
-- Up-to-date: /home/cameron/ws_mini_dog/install/mini_dog_model/share/ament_index/resource_index/package_run_dependencies/mini_dog_model
-- Up-to-date: /home/cameron/ws_mini_dog/install/mini_dog_model/share/ament_index/resource_index/parent_prefix_path/mini_dog_model
-- Up-to-date: /home/cameron/ws_mini_dog/install/mini_dog_model/share/mini_dog_model/environment/ament_prefix_path.sh
-- Up-to-date: /home/cameron/ws_mini_dog/install/mini_dog_model/share/mini_dog_model/environment/ament_prefix_path.dsv
-- Up-to-date: /home/cameron/ws_mini_dog/install/mini_dog_model/share/mini_dog_model/environment/path.sh
-- Up-to-date: /home/cameron/ws_mini_dog/install/mini_dog_model/share/mini_dog_model/environment/path.dsv
-- Up-to-date: /home/cameron/ws_mini_dog/install/mini_dog_model/share/mini_dog_model/local_setup.bash
-- Up-to-date: /home/cameron/ws_mini_dog/install/mini_dog_model/share/mini_dog_model/local_setup.sh
-- Up-to-date: /home/cameron/ws_mini_dog/install/mini_dog_model/share/mini_dog_model/local_setup.zsh
-- Up-to-date: /home/cameron/ws_mini_dog/install/mini_dog_model/share/mini_dog_model/local_setup.dsv
-- Installing: /home/cameron/ws_mini_dog/install/mini_dog_model/share/mini_dog_model/package.dsv
-- Up-to-date: /home/cameron/ws_mini_dog/install/mini_dog_model/share/ament_index/resource_index/packages/mini_dog_model
-- Up-to-date: /home/cameron/ws_mini_dog/install/mini_dog_model/share/mini_dog_model/cmake/mini_dog_modelConfig.cmake
-- Up-to-date: /home/cameron/ws_mini_dog/install/mini_dog_model/share/mini_dog_model/cmake/mini_dog_modelConfig-version.cmake
-- Up-to-date: /home/cameron/ws_mini_dog/install/mini_dog_model/share/mini_dog_model/package.xml
