[0.024s] Invoking command in '/home/cameron/ws_mini_dog/build/mini_dog_model': CMAKE_PREFIX_PATH=${CMAKE_PREFIX_PATH}:/opt/ros/galactic /usr/bin/cmake --build /home/cameron/ws_mini_dog/build/mini_dog_model -- -j8 -l8
[0.072s] -- Found ament_cmake: 1.1.5 (/opt/ros/galactic/share/ament_cmake/cmake)
[0.104s] -- Using PYTHON_EXECUTABLE: /usr/bin/python3
[0.194s] -- Found ament_lint_auto: 0.10.7 (/opt/ros/galactic/share/ament_lint_auto/cmake)
[0.352s] -- Added test 'copyright' to check source files copyright and LICENSE
[0.356s] -- Added test 'flake8' to check Python code syntax and style conventions
[0.356s] -- Added test 'lint_cmake' to check CMake code style
[0.357s] -- Added test 'pep257' to check Python code against some of the style conventions in PEP 257
[0.358s] -- Added test 'xmllint' to check XML markup files
[0.361s] -- Configuring done
[0.364s] -- Generating done
[0.367s] -- Build files have been written to: /home/cameron/ws_mini_dog/build/mini_dog_model
[0.408s] Invoked command in '/home/cameron/ws_mini_dog/build/mini_dog_model' returned '0': CMAKE_PREFIX_PATH=${CMAKE_PREFIX_PATH}:/opt/ros/galactic /usr/bin/cmake --build /home/cameron/ws_mini_dog/build/mini_dog_model -- -j8 -l8
[0.478s] Invoking command in '/home/cameron/ws_mini_dog/build/mini_dog_model': CMAKE_PREFIX_PATH=${CMAKE_PREFIX_PATH}:/opt/ros/galactic /usr/bin/cmake --install /home/cameron/ws_mini_dog/build/mini_dog_model
[0.496s] -- Install configuration: ""
[0.497s] -- Installing: /home/cameron/ws_mini_dog/install/mini_dog_model/share/mini_dog_model/config
[0.497s] -- Installing: /home/cameron/ws_mini_dog/install/mini_dog_model/share/mini_dog_model/launch
[0.498s] -- Installing: /home/cameron/ws_mini_dog/install/mini_dog_model/share/mini_dog_model/launch/mini_dog_model.launch.py
[0.498s] -- Installing: /home/cameron/ws_mini_dog/install/mini_dog_model/share/mini_dog_model/maps
[0.498s] -- Installing: /home/cameron/ws_mini_dog/install/mini_dog_model/share/mini_dog_model/meshes
[0.499s] -- Installing: /home/cameron/ws_mini_dog/install/mini_dog_model/share/mini_dog_model/models
[0.500s] -- Installing: /home/cameron/ws_mini_dog/install/mini_dog_model/share/mini_dog_model/params
[0.500s] -- Installing: /home/cameron/ws_mini_dog/install/mini_dog_model/share/mini_dog_model/rviz
[0.500s] -- Installing: /home/cameron/ws_mini_dog/install/mini_dog_model/share/mini_dog_model/rviz/rviz_basic_settings.rviz
[0.501s] -- Installing: /home/cameron/ws_mini_dog/install/mini_dog_model/share/mini_dog_model/src
[0.501s] -- Installing: /home/cameron/ws_mini_dog/install/mini_dog_model/share/mini_dog_model/urdf
[0.501s] -- Installing: /home/cameron/ws_mini_dog/install/mini_dog_model/share/mini_dog_model/urdf/mini_dog_model.urdf
[0.501s] -- Installing: /home/cameron/ws_mini_dog/install/mini_dog_model/share/mini_dog_model/worlds
[0.501s] -- Up-to-date: /home/cameron/ws_mini_dog/install/mini_dog_model/share/ament_index/resource_index/package_run_dependencies/mini_dog_model
[0.502s] -- Up-to-date: /home/cameron/ws_mini_dog/install/mini_dog_model/share/ament_index/resource_index/parent_prefix_path/mini_dog_model
[0.502s] -- Up-to-date: /home/cameron/ws_mini_dog/install/mini_dog_model/share/mini_dog_model/environment/ament_prefix_path.sh
[0.502s] -- Installing: /home/cameron/ws_mini_dog/install/mini_dog_model/share/mini_dog_model/environment/ament_prefix_path.dsv
[0.502s] -- Up-to-date: /home/cameron/ws_mini_dog/install/mini_dog_model/share/mini_dog_model/environment/path.sh
[0.503s] -- Installing: /home/cameron/ws_mini_dog/install/mini_dog_model/share/mini_dog_model/environment/path.dsv
[0.503s] -- Up-to-date: /home/cameron/ws_mini_dog/install/mini_dog_model/share/mini_dog_model/local_setup.bash
[0.506s] -- Up-to-date: /home/cameron/ws_mini_dog/install/mini_dog_model/share/mini_dog_model/local_setup.sh
[0.507s] -- Up-to-date: /home/cameron/ws_mini_dog/install/mini_dog_model/share/mini_dog_model/local_setup.zsh
[0.508s] -- Installing: /home/cameron/ws_mini_dog/install/mini_dog_model/share/mini_dog_model/local_setup.dsv
[0.508s] -- Installing: /home/cameron/ws_mini_dog/install/mini_dog_model/share/mini_dog_model/package.dsv
[0.509s] -- Up-to-date: /home/cameron/ws_mini_dog/install/mini_dog_model/share/ament_index/resource_index/packages/mini_dog_model
[0.509s] -- Up-to-date: /home/cameron/ws_mini_dog/install/mini_dog_model/share/mini_dog_model/cmake/mini_dog_modelConfig.cmake
[0.509s] -- Up-to-date: /home/cameron/ws_mini_dog/install/mini_dog_model/share/mini_dog_model/cmake/mini_dog_modelConfig-version.cmake
[0.510s] -- Up-to-date: /home/cameron/ws_mini_dog/install/mini_dog_model/share/mini_dog_model/package.xml
[0.510s] Invoked command in '/home/cameron/ws_mini_dog/build/mini_dog_model' returned '0': CMAKE_PREFIX_PATH=${CMAKE_PREFIX_PATH}:/opt/ros/galactic /usr/bin/cmake --install /home/cameron/ws_mini_dog/build/mini_dog_model
