[0.025s] Invoking command in '/home/cameron/ws_mini_dog/build/mini_dog_model': CMAKE_PREFIX_PATH=${CMAKE_PREFIX_PATH}:/opt/ros/galactic /usr/bin/cmake --build /home/cameron/ws_mini_dog/build/mini_dog_model -- -j8 -l8
[0.103s] Invoked command in '/home/cameron/ws_mini_dog/build/mini_dog_model' returned '0': CMAKE_PREFIX_PATH=${CMAKE_PREFIX_PATH}:/opt/ros/galactic /usr/bin/cmake --build /home/cameron/ws_mini_dog/build/mini_dog_model -- -j8 -l8
[0.168s] Invoking command in '/home/cameron/ws_mini_dog/build/mini_dog_model': CMAKE_PREFIX_PATH=${CMAKE_PREFIX_PATH}:/opt/ros/galactic /usr/bin/cmake --install /home/cameron/ws_mini_dog/build/mini_dog_model
[0.183s] -- Install configuration: ""
[0.183s] -- Up-to-date: /home/cameron/ws_mini_dog/install/mini_dog_model/share/mini_dog_model/config
[0.184s] -- Up-to-date: /home/cameron/ws_mini_dog/install/mini_dog_model/share/mini_dog_model/launch
[0.184s] -- Up-to-date: /home/cameron/ws_mini_dog/install/mini_dog_model/share/mini_dog_model/launch/mini_dog_model.launch.py
[0.184s] -- Up-to-date: /home/cameron/ws_mini_dog/install/mini_dog_model/share/mini_dog_model/maps
[0.184s] -- Up-to-date: /home/cameron/ws_mini_dog/install/mini_dog_model/share/mini_dog_model/meshes
[0.185s] -- Up-to-date: /home/cameron/ws_mini_dog/install/mini_dog_model/share/mini_dog_model/meshes/SM3_Frame_LeftTibia.dae
[0.185s] -- Up-to-date: /home/cameron/ws_mini_dog/install/mini_dog_model/share/mini_dog_model/meshes/SM3_Frame_LeftCoax.dae
[0.185s] -- Up-to-date: /home/cameron/ws_mini_dog/install/mini_dog_model/share/mini_dog_model/meshes/SM3_Frame_LeftFemur.dae
[0.185s] -- Up-to-date: /home/cameron/ws_mini_dog/install/mini_dog_model/share/mini_dog_model/models
[0.185s] -- Up-to-date: /home/cameron/ws_mini_dog/install/mini_dog_model/share/mini_dog_model/models/SM3_Sensor_PIRCup.stl
[0.186s] -- Up-to-date: /home/cameron/ws_mini_dog/install/mini_dog_model/share/mini_dog_model/models/SM3_Frame_FrontShoulderOuter.stl
[0.186s] -- Up-to-date: /home/cameron/ws_mini_dog/install/mini_dog_model/share/mini_dog_model/models/SM3_Sensor_UltraSonicPlate.stl
[0.186s] -- Up-to-date: /home/cameron/ws_mini_dog/install/mini_dog_model/share/mini_dog_model/models/SM3_Foot.stl
[0.187s] -- Up-to-date: /home/cameron/ws_mini_dog/install/mini_dog_model/share/mini_dog_model/models/SM3_Stand_ConeBase.stl
[0.187s] -- Up-to-date: /home/cameron/ws_mini_dog/install/mini_dog_model/share/mini_dog_model/models/SM3_Cover_BottomHatch.stl
[0.189s] -- Up-to-date: /home/cameron/ws_mini_dog/install/mini_dog_model/share/mini_dog_model/models/SM3_Cover_TopRear.stl
[0.191s] -- Up-to-date: /home/cameron/ws_mini_dog/install/mini_dog_model/share/mini_dog_model/models/SM3_Frame_LeftFemur.stl
[0.192s] -- Up-to-date: /home/cameron/ws_mini_dog/install/mini_dog_model/share/mini_dog_model/models/SM3_Cover_RearPanelBtnHolder_6x6LongBtn.stl
[0.192s] -- Up-to-date: /home/cameron/ws_mini_dog/install/mini_dog_model/share/mini_dog_model/models/SM3_Frame_RightCoax.stl
[0.192s] -- Up-to-date: /home/cameron/ws_mini_dog/install/mini_dog_model/share/mini_dog_model/models/SM3_Frame_RearShoulderInner.stl
[0.193s] -- Up-to-date: /home/cameron/ws_mini_dog/install/mini_dog_model/share/mini_dog_model/models/SM3_Frame_RearShoulderMiddle.stl
[0.193s] -- Up-to-date: /home/cameron/ws_mini_dog/install/mini_dog_model/share/mini_dog_model/models/SM3_Cover_BottomFront.stl
[0.193s] -- Up-to-date: /home/cameron/ws_mini_dog/install/mini_dog_model/share/mini_dog_model/models/SM3_Sensor_FrontPIRMount.stl
[0.194s] -- Up-to-date: /home/cameron/ws_mini_dog/install/mini_dog_model/share/mini_dog_model/models/SM3_Frame_LeftCoax.stl
[0.194s] -- Up-to-date: /home/cameron/ws_mini_dog/install/mini_dog_model/share/mini_dog_model/models/SM3_Cover_RearPanel_2Piece_Base.stl
[0.194s] -- Up-to-date: /home/cameron/ws_mini_dog/install/mini_dog_model/share/mini_dog_model/models/SM3_Stand_Cone.stl
[0.195s] -- Up-to-date: /home/cameron/ws_mini_dog/install/mini_dog_model/share/mini_dog_model/models/SM3_Frame_FrontShoulderMiddle.stl
[0.195s] -- Up-to-date: /home/cameron/ws_mini_dog/install/mini_dog_model/share/mini_dog_model/models/SM3_CalibrationTool.stl
[0.195s] -- Up-to-date: /home/cameron/ws_mini_dog/install/mini_dog_model/share/mini_dog_model/models/SM3_Frame_RearShoulderOuter.stl
[0.195s] -- Up-to-date: /home/cameron/ws_mini_dog/install/mini_dog_model/share/mini_dog_model/models/SM3_Sensor_RearPIRMount.stl
[0.196s] -- Up-to-date: /home/cameron/ws_mini_dog/install/mini_dog_model/share/mini_dog_model/models/SM3_Frame_ChassisTrunk.stl
[0.196s] -- Up-to-date: /home/cameron/ws_mini_dog/install/mini_dog_model/share/mini_dog_model/models/SM3_Cover_TopFront.stl
[0.197s] -- Up-to-date: /home/cameron/ws_mini_dog/install/mini_dog_model/share/mini_dog_model/models/SM3_Frame_FrontShoulderInner.stl
[0.198s] -- Up-to-date: /home/cameron/ws_mini_dog/install/mini_dog_model/share/mini_dog_model/models/SM3_Frame_RightTibia.stl
[0.199s] -- Up-to-date: /home/cameron/ws_mini_dog/install/mini_dog_model/share/mini_dog_model/models/SM3_Mp3ProSpeakerMount.stl
[0.200s] -- Up-to-date: /home/cameron/ws_mini_dog/install/mini_dog_model/share/mini_dog_model/models/SM3_Frame_LeftTibia.stl
[0.200s] -- Up-to-date: /home/cameron/ws_mini_dog/install/mini_dog_model/share/mini_dog_model/models/SM3_Cover_HeadPanel.stl
[0.201s] -- Up-to-date: /home/cameron/ws_mini_dog/install/mini_dog_model/share/mini_dog_model/models/SM3_Sensor_MP3SpeakerMount.stl
[0.201s] -- Up-to-date: /home/cameron/ws_mini_dog/install/mini_dog_model/share/mini_dog_model/models/SM3_Cover_LeftFemur.stl
[0.202s] -- Up-to-date: /home/cameron/ws_mini_dog/install/mini_dog_model/share/mini_dog_model/models/SM3_Cover_RightFemur.stl
[0.202s] -- Up-to-date: /home/cameron/ws_mini_dog/install/mini_dog_model/share/mini_dog_model/models/SM3_Frame_RightFemur.stl
[0.202s] -- Up-to-date: /home/cameron/ws_mini_dog/install/mini_dog_model/share/mini_dog_model/models/SM3_Stand_ConeCap.stl
[0.203s] -- Up-to-date: /home/cameron/ws_mini_dog/install/mini_dog_model/share/mini_dog_model/models/SM3_Cover_HeadPanelSlug.stl
[0.203s] -- Up-to-date: /home/cameron/ws_mini_dog/install/mini_dog_model/share/mini_dog_model/models/SM3_Cover_BottomRear.stl
[0.203s] -- Up-to-date: /home/cameron/ws_mini_dog/install/mini_dog_model/share/mini_dog_model/models/SM3_Cover_Emblem.stl
[0.203s] -- Up-to-date: /home/cameron/ws_mini_dog/install/mini_dog_model/share/mini_dog_model/models/SM3_Cover_RearPanel_2Piece_Shell.stl
[0.204s] -- Up-to-date: /home/cameron/ws_mini_dog/install/mini_dog_model/share/mini_dog_model/models/SM3_Electronics_BuckConveterCase.stl
[0.204s] -- Up-to-date: /home/cameron/ws_mini_dog/install/mini_dog_model/share/mini_dog_model/params
[0.204s] -- Up-to-date: /home/cameron/ws_mini_dog/install/mini_dog_model/share/mini_dog_model/rviz
[0.205s] -- Up-to-date: /home/cameron/ws_mini_dog/install/mini_dog_model/share/mini_dog_model/rviz/rviz_basic_settings.rviz
[0.205s] -- Up-to-date: /home/cameron/ws_mini_dog/install/mini_dog_model/share/mini_dog_model/src
[0.205s] -- Up-to-date: /home/cameron/ws_mini_dog/install/mini_dog_model/share/mini_dog_model/urdf
[0.205s] -- Installing: /home/cameron/ws_mini_dog/install/mini_dog_model/share/mini_dog_model/urdf/mini_dog_model.urdf
[0.205s] -- Up-to-date: /home/cameron/ws_mini_dog/install/mini_dog_model/share/mini_dog_model/worlds
[0.206s] -- Up-to-date: /home/cameron/ws_mini_dog/install/mini_dog_model/share/ament_index/resource_index/package_run_dependencies/mini_dog_model
[0.206s] -- Up-to-date: /home/cameron/ws_mini_dog/install/mini_dog_model/share/ament_index/resource_index/parent_prefix_path/mini_dog_model
[0.206s] -- Up-to-date: /home/cameron/ws_mini_dog/install/mini_dog_model/share/mini_dog_model/environment/ament_prefix_path.sh
[0.206s] -- Up-to-date: /home/cameron/ws_mini_dog/install/mini_dog_model/share/mini_dog_model/environment/ament_prefix_path.dsv
[0.206s] -- Up-to-date: /home/cameron/ws_mini_dog/install/mini_dog_model/share/mini_dog_model/environment/path.sh
[0.207s] -- Up-to-date: /home/cameron/ws_mini_dog/install/mini_dog_model/share/mini_dog_model/environment/path.dsv
[0.207s] -- Up-to-date: /home/cameron/ws_mini_dog/install/mini_dog_model/share/mini_dog_model/local_setup.bash
[0.207s] -- Up-to-date: /home/cameron/ws_mini_dog/install/mini_dog_model/share/mini_dog_model/local_setup.sh
[0.207s] -- Up-to-date: /home/cameron/ws_mini_dog/install/mini_dog_model/share/mini_dog_model/local_setup.zsh
[0.207s] -- Up-to-date: /home/cameron/ws_mini_dog/install/mini_dog_model/share/mini_dog_model/local_setup.dsv
[0.208s] -- Installing: /home/cameron/ws_mini_dog/install/mini_dog_model/share/mini_dog_model/package.dsv
[0.208s] -- Up-to-date: /home/cameron/ws_mini_dog/install/mini_dog_model/share/ament_index/resource_index/packages/mini_dog_model
[0.208s] -- Up-to-date: /home/cameron/ws_mini_dog/install/mini_dog_model/share/mini_dog_model/cmake/mini_dog_modelConfig.cmake
[0.208s] -- Up-to-date: /home/cameron/ws_mini_dog/install/mini_dog_model/share/mini_dog_model/cmake/mini_dog_modelConfig-version.cmake
[0.208s] -- Up-to-date: /home/cameron/ws_mini_dog/install/mini_dog_model/share/mini_dog_model/package.xml
[0.209s] Invoked command in '/home/cameron/ws_mini_dog/build/mini_dog_model' returned '0': CMAKE_PREFIX_PATH=${CMAKE_PREFIX_PATH}:/opt/ros/galactic /usr/bin/cmake --install /home/cameron/ws_mini_dog/build/mini_dog_model
