[0.023s] Invoking command in '/home/cameron/ws_mini_dog/build/mini_dog_model': CMAKE_PREFIX_PATH=${CMAKE_PREFIX_PATH}:/opt/ros/galactic /usr/bin/cmake --build /home/cameron/ws_mini_dog/build/mini_dog_model -- -j8 -l8
[0.094s] Invoked command in '/home/cameron/ws_mini_dog/build/mini_dog_model' returned '0': CMAKE_PREFIX_PATH=${CMAKE_PREFIX_PATH}:/opt/ros/galactic /usr/bin/cmake --build /home/cameron/ws_mini_dog/build/mini_dog_model -- -j8 -l8
[0.158s] Invoking command in '/home/cameron/ws_mini_dog/build/mini_dog_model': CMAKE_PREFIX_PATH=${CMAKE_PREFIX_PATH}:/opt/ros/galactic /usr/bin/cmake --install /home/cameron/ws_mini_dog/build/mini_dog_model
[0.174s] -- Install configuration: ""
[0.174s] -- Up-to-date: /home/cameron/ws_mini_dog/install/mini_dog_model/share/mini_dog_model/config
[0.175s] -- Up-to-date: /home/cameron/ws_mini_dog/install/mini_dog_model/share/mini_dog_model/launch
[0.175s] -- Up-to-date: /home/cameron/ws_mini_dog/install/mini_dog_model/share/mini_dog_model/launch/mini_dog_model.launch.py
[0.176s] -- Up-to-date: /home/cameron/ws_mini_dog/install/mini_dog_model/share/mini_dog_model/maps
[0.176s] -- Up-to-date: /home/cameron/ws_mini_dog/install/mini_dog_model/share/mini_dog_model/meshes
[0.176s] -- Up-to-date: /home/cameron/ws_mini_dog/install/mini_dog_model/share/mini_dog_model/meshes/NOVA_SM3_RIGHT_COAX.stl
[0.177s] -- Up-to-date: /home/cameron/ws_mini_dog/install/mini_dog_model/share/mini_dog_model/meshes/Blender_Model.blend
[0.177s] -- Up-to-date: /home/cameron/ws_mini_dog/install/mini_dog_model/share/mini_dog_model/meshes/NOVA_SM3_BODY.stl
[0.177s] -- Up-to-date: /home/cameron/ws_mini_dog/install/mini_dog_model/share/mini_dog_model/meshes/NOVA_SM3_LEFT_COAX.stl
[0.177s] -- Up-to-date: /home/cameron/ws_mini_dog/install/mini_dog_model/share/mini_dog_model/meshes/NOVA_SM3_RIGHT_TIBIAstl.stl
[0.178s] -- Up-to-date: /home/cameron/ws_mini_dog/install/mini_dog_model/share/mini_dog_model/meshes/NOVA_SM3_LEFT_FEMUR.stl
[0.178s] -- Up-to-date: /home/cameron/ws_mini_dog/install/mini_dog_model/share/mini_dog_model/meshes/NOVA_SM3_LEFT_TIBIA.stl
[0.178s] -- Up-to-date: /home/cameron/ws_mini_dog/install/mini_dog_model/share/mini_dog_model/meshes/NOVA_SM3_RIGHT_FEMUR.stl
[0.178s] -- Up-to-date: /home/cameron/ws_mini_dog/install/mini_dog_model/share/mini_dog_model/models
[0.179s] -- Up-to-date: /home/cameron/ws_mini_dog/install/mini_dog_model/share/mini_dog_model/params
[0.179s] -- Up-to-date: /home/cameron/ws_mini_dog/install/mini_dog_model/share/mini_dog_model/rviz
[0.180s] -- Up-to-date: /home/cameron/ws_mini_dog/install/mini_dog_model/share/mini_dog_model/rviz/rviz_basic_settings.rviz
[0.182s] -- Up-to-date: /home/cameron/ws_mini_dog/install/mini_dog_model/share/mini_dog_model/src
[0.183s] -- Up-to-date: /home/cameron/ws_mini_dog/install/mini_dog_model/share/mini_dog_model/urdf
[0.183s] -- Installing: /home/cameron/ws_mini_dog/install/mini_dog_model/share/mini_dog_model/urdf/mini_dog_model.urdf
[0.183s] -- Up-to-date: /home/cameron/ws_mini_dog/install/mini_dog_model/share/mini_dog_model/worlds
[0.184s] -- Up-to-date: /home/cameron/ws_mini_dog/install/mini_dog_model/share/ament_index/resource_index/package_run_dependencies/mini_dog_model
[0.184s] -- Up-to-date: /home/cameron/ws_mini_dog/install/mini_dog_model/share/ament_index/resource_index/parent_prefix_path/mini_dog_model
[0.184s] -- Up-to-date: /home/cameron/ws_mini_dog/install/mini_dog_model/share/mini_dog_model/environment/ament_prefix_path.sh
[0.185s] -- Up-to-date: /home/cameron/ws_mini_dog/install/mini_dog_model/share/mini_dog_model/environment/ament_prefix_path.dsv
[0.186s] -- Up-to-date: /home/cameron/ws_mini_dog/install/mini_dog_model/share/mini_dog_model/environment/path.sh
[0.186s] -- Up-to-date: /home/cameron/ws_mini_dog/install/mini_dog_model/share/mini_dog_model/environment/path.dsv
[0.187s] -- Up-to-date: /home/cameron/ws_mini_dog/install/mini_dog_model/share/mini_dog_model/local_setup.bash
[0.187s] -- Up-to-date: /home/cameron/ws_mini_dog/install/mini_dog_model/share/mini_dog_model/local_setup.sh
[0.187s] -- Up-to-date: /home/cameron/ws_mini_dog/install/mini_dog_model/share/mini_dog_model/local_setup.zsh
[0.188s] -- Up-to-date: /home/cameron/ws_mini_dog/install/mini_dog_model/share/mini_dog_model/local_setup.dsv
[0.188s] -- Installing: /home/cameron/ws_mini_dog/install/mini_dog_model/share/mini_dog_model/package.dsv
[0.188s] -- Up-to-date: /home/cameron/ws_mini_dog/install/mini_dog_model/share/ament_index/resource_index/packages/mini_dog_model
[0.188s] -- Up-to-date: /home/cameron/ws_mini_dog/install/mini_dog_model/share/mini_dog_model/cmake/mini_dog_modelConfig.cmake
[0.189s] -- Up-to-date: /home/cameron/ws_mini_dog/install/mini_dog_model/share/mini_dog_model/cmake/mini_dog_modelConfig-version.cmake
[0.189s] -- Up-to-date: /home/cameron/ws_mini_dog/install/mini_dog_model/share/mini_dog_model/package.xml
[0.189s] Invoked command in '/home/cameron/ws_mini_dog/build/mini_dog_model' returned '0': CMAKE_PREFIX_PATH=${CMAKE_PREFIX_PATH}:/opt/ros/galactic /usr/bin/cmake --install /home/cameron/ws_mini_dog/build/mini_dog_model
